# JRE version: OpenJDK Runtime Environment (20.0.1+9) (build 20.0.1+9-29)
# Java VM: OpenJDK 64-Bit Server VM (20.0.1+9-29, mixed mode, emulated-client, sharing, tiered, compressed oops, compressed class ptrs, g1 gc, linux-amd64)
GC Precious Log:
 CardTable entry size: 512
 Card Set container configuration: InlinePtr #cards 4 size 8 Array Of Cards #cards 16 size 48 Howl #buckets 8 coarsen threshold 3686 Howl Bitmap #cards 512 size 80 coarsen threshold 460 Card regions per heap region 1 cards per card region 4096
 CPUs: 8 total, 8 available
 Memory: 15991M
 Large Page Support: Disabled
 NUMA Support: Disabled
 Compressed Oops: Enabled (Zero based)
 Heap Region Size: 2M
 Heap Min Capacity: 8M
 Heap Initial Capacity: 250M
 Heap Max Capacity: 3998M
 Pre-touch: Disabled
 Parallel Workers: 8
 Concurrent Workers: 2
 Concurrent Refinement Workers: 8
 Periodic GC: Disabled
Heap:
 garbage-first heap   total 69632K, used 52936K [0x0000000706200000, 0x0000000800000000)
  region size 2048K, 14 young (28672K), 2 survivors (4096K)
 Metaspace       used 62769K, committed 63360K, reserved 1114112K
  class space    used 8681K, committed 8960K, reserved 1048576K
GC Heap History (20 events):
Event: 0.523 GC heap before
{Heap before GC invocations=0 (full 0):
 garbage-first heap   total 260096K, used 24556K [0x0000000706200000, 0x0000000800000000)
  region size 2048K, 11 young (22528K), 0 survivors (0K)
 Metaspace       used 7325K, committed 7488K, reserved 1114112K
  class space    used 894K, committed 960K, reserved 1048576K
}
Event: 0.530 GC heap after
{Heap after GC invocations=1 (full 0):
 garbage-first heap   total 260096K, used 8453K [0x0000000706200000, 0x0000000800000000)
  region size 2048K, 2 young (4096K), 2 survivors (4096K)
 Metaspace       used 7325K, committed 7488K, reserved 1114112K
  class space    used 894K, committed 960K, reserved 1048576K
}
Event: 0.806 GC heap before
{Heap before GC invocations=1 (full 0):
 garbage-first heap   total 260096K, used 41221K [0x0000000706200000, 0x0000000800000000)
  region size 2048K, 19 young (38912K), 2 survivors (4096K)
 Metaspace       used 16542K, committed 16832K, reserved 1114112K
  class space    used 2181K, committed 2304K, reserved 1048576K
}
Event: 0.810 GC heap after
{Heap after GC invocations=2 (full 0):
 garbage-first heap   total 260096K, used 11002K [0x0000000706200000, 0x0000000800000000)
  region size 2048K, 2 young (4096K), 2 survivors (4096K)
 Metaspace       used 16542K, committed 16832K, reserved 1114112K
  class space    used 2181K, committed 2304K, reserved 1048576K
}
Event: 1.145 GC heap before
{Heap before GC invocations=2 (full 0):
 garbage-first heap   total 260096K, used 45818K [0x0000000706200000, 0x0000000800000000)
  region size 2048K, 20 young (40960K), 2 survivors (4096K)
 Metaspace       used 21007K, committed 21312K, reserved 1114112K
  class space    used 2796K, committed 2944K, reserved 1048576K
}
Event: 1.148 GC heap after
{Heap after GC invocations=3 (full 0):
 garbage-first heap   total 260096K, used 13399K [0x0000000706200000, 0x0000000800000000)
  region size 2048K, 3 young (6144K), 3 survivors (6144K)
 Metaspace       used 21007K, committed 21312K, reserved 1114112K
  class space    used 2796K, committed 2944K, reserved 1048576K
}
Event: 1.599 GC heap before
{Heap before GC invocations=4 (full 0):
 garbage-first heap   total 69632K, used 48215K [0x0000000706200000, 0x0000000800000000)
  region size 2048K, 20 young (40960K), 3 survivors (6144K)
 Metaspace       used 26935K, committed 27392K, reserved 1114112K
  class space    used 3678K, committed 3904K, reserved 1048576K
}
Event: 1.605 GC heap after
{Heap after GC invocations=5 (full 0):
 garbage-first heap   total 69632K, used 16775K [0x0000000706200000, 0x0000000800000000)
  region size 2048K, 3 young (6144K), 3 survivors (6144K)
 Metaspace       used 26935K, committed 27392K, reserved 1114112K
  class space    used 3678K, committed 3904K, reserved 1048576K
}
Event: 2.026 GC heap before
{Heap before GC invocations=5 (full 0):
 garbage-first heap   total 69632K, used 47495K [0x0000000706200000, 0x0000000800000000)
  region size 2048K, 19 young (38912K), 3 survivors (6144K)
 Metaspace       used 35266K, committed 35648K, reserved 1114112K
  class space    used 4912K, committed 5056K, reserved 1048576K
}
Event: 2.030 GC heap after
{Heap after GC invocations=6 (full 0):
 garbage-first heap   total 69632K, used 19166K [0x0000000706200000, 0x0000000800000000)
  region size 2048K, 2 young (4096K), 2 survivors (4096K)
 Metaspace       used 35266K, committed 35648K, reserved 1114112K
  class space    used 4912K, committed 5056K, reserved 1048576K
}
Event: 2.030 GC heap before
{Heap before GC invocations=6 (full 0):
 garbage-first heap   total 69632K, used 19166K [0x0000000706200000, 0x0000000800000000)
  region size 2048K, 3 young (6144K), 2 survivors (4096K)
 Metaspace       used 35267K, committed 35648K, reserved 1114112K
  class space    used 4912K, committed 5056K, reserved 1048576K
}
Event: 2.032 GC heap after
{Heap after GC invocations=7 (full 0):
 garbage-first heap   total 69632K, used 18860K [0x0000000706200000, 0x0000000800000000)
  region size 2048K, 2 young (4096K), 2 survivors (4096K)
 Metaspace       used 35267K, committed 35648K, reserved 1114112K
  class space    used 4912K, committed 5056K, reserved 1048576K
}
Event: 2.653 GC heap before
{Heap before GC invocations=8 (full 0):
 garbage-first heap   total 69632K, used 53676K [0x0000000706200000, 0x0000000800000000)
  region size 2048K, 20 young (40960K), 2 survivors (4096K)
 Metaspace       used 47373K, committed 47872K, reserved 1114112K
  class space    used 6573K, committed 6784K, reserved 1048576K
}
Event: 2.656 GC heap after
{Heap after GC invocations=9 (full 0):
 garbage-first heap   total 69632K, used 22671K [0x0000000706200000, 0x0000000800000000)
  region size 2048K, 3 young (6144K), 3 survivors (6144K)
 Metaspace       used 47373K, committed 47872K, reserved 1114112K
  class space    used 6573K, committed 6784K, reserved 1048576K
}
Event: 3.241 GC heap before
{Heap before GC invocations=9 (full 0):
 garbage-first heap   total 69632K, used 53391K [0x0000000706200000, 0x0000000800000000)
  region size 2048K, 18 young (36864K), 3 survivors (6144K)
 Metaspace       used 52477K, committed 52992K, reserved 1114112K
  class space    used 7314K, committed 7552K, reserved 1048576K
}
Event: 3.245 GC heap after
{Heap after GC invocations=10 (full 0):
 garbage-first heap   total 69632K, used 24939K [0x0000000706200000, 0x0000000800000000)
  region size 2048K, 2 young (4096K), 2 survivors (4096K)
 Metaspace       used 52477K, committed 52992K, reserved 1114112K
  class space    used 7314K, committed 7552K, reserved 1048576K
}
Event: 3.582 GC heap before
{Heap before GC invocations=10 (full 0):
 garbage-first heap   total 69632K, used 53611K [0x0000000706200000, 0x0000000800000000)
  region size 2048K, 16 young (32768K), 2 survivors (4096K)
 Metaspace       used 56365K, committed 56832K, reserved 1114112K
  class space    used 7822K, committed 8000K, reserved 1048576K
}
Event: 3.585 GC heap after
{Heap after GC invocations=11 (full 0):
 garbage-first heap   total 69632K, used 27277K [0x0000000706200000, 0x0000000800000000)
  region size 2048K, 2 young (4096K), 2 survivors (4096K)
 Metaspace       used 56365K, committed 56832K, reserved 1114112K
  class space    used 7822K, committed 8000K, reserved 1048576K
}
Event: 10.927 GC heap before
{Heap before GC invocations=11 (full 0):
 garbage-first heap   total 69632K, used 47757K [0x0000000706200000, 0x0000000800000000)
  region size 2048K, 13 young (26624K), 2 survivors (4096K)
 Metaspace       used 59868K, committed 60416K, reserved 1114112K
  class space    used 8306K, committed 8576K, reserved 1048576K
}
Event: 10.930 GC heap after
{Heap after GC invocations=12 (full 0):
 garbage-first heap   total 69632K, used 30408K [0x0000000706200000, 0x0000000800000000)
  region size 2048K, 2 young (4096K), 2 survivors (4096K)
 Metaspace       used 59868K, committed 60416K, reserved 1114112K
  class space    used 8306K, committed 8576K, reserved 1048576K
}

